{"D:\\mini-projects\\authentication\\server\\src\\utils\\bcrypt.ts": {"path":"D:\\mini-projects\\authentication\\server\\src\\utils\\bcrypt.ts","all":false,"statementMap":{"0":{"start":{"line":1,"column":0},"end":{"line":1,"column":28}},"1":{"start":{"line":2,"column":0},"end":{"line":2,"column":0}},"2":{"start":{"line":3,"column":0},"end":{"line":3,"column":77}},"3":{"start":{"line":4,"column":0},"end":{"line":4,"column":39}},"4":{"start":{"line":5,"column":0},"end":{"line":5,"column":42}},"5":{"start":{"line":6,"column":0},"end":{"line":6,"column":2}},"6":{"start":{"line":7,"column":0},"end":{"line":7,"column":0}},"7":{"start":{"line":8,"column":0},"end":{"line":8,"column":102}},"8":{"start":{"line":9,"column":0},"end":{"line":9,"column":55}},"9":{"start":{"line":10,"column":0},"end":{"line":10,"column":2}}},"s":{"0":1,"1":1,"2":1,"3":1,"4":1,"5":1,"6":1,"7":1,"8":1,"9":1},"branchMap":{"0":{"type":"branch","line":3,"loc":{"start":{"line":3,"column":31},"end":{"line":6,"column":2}},"locations":[{"start":{"line":3,"column":31},"end":{"line":6,"column":2}}]},"1":{"type":"branch","line":3,"loc":{"start":{"line":3,"column":75},"end":{"line":6,"column":2}},"locations":[{"start":{"line":3,"column":75},"end":{"line":6,"column":2}}]},"2":{"type":"branch","line":8,"loc":{"start":{"line":8,"column":31},"end":{"line":10,"column":2}},"locations":[{"start":{"line":8,"column":31},"end":{"line":10,"column":2}}]},"3":{"type":"branch","line":8,"loc":{"start":{"line":8,"column":100},"end":{"line":10,"column":2}},"locations":[{"start":{"line":8,"column":100},"end":{"line":10,"column":2}}]}},"b":{"0":[1],"1":[1],"2":[1],"3":[1]},"fnMap":{"0":{"name":"encryptPassword","decl":{"start":{"line":3,"column":31},"end":{"line":6,"column":2}},"loc":{"start":{"line":3,"column":31},"end":{"line":6,"column":2}},"line":3},"1":{"name":"isPasswordValid","decl":{"start":{"line":8,"column":31},"end":{"line":10,"column":2}},"loc":{"start":{"line":8,"column":31},"end":{"line":10,"column":2}},"line":8}},"f":{"0":1,"1":1}}
}
